#
# A fatal error has been detected by the Java Runtime Environment:
#
#  EXCEPTION_SINGLE_STEP (0x80000004) at pc=0x0226934d, pid=4264, tid=2392
#
# JRE version: 6.0_23-b05
# Java VM: Java HotSpot(TM) Client VM (19.0-b09 mixed mode, sharing windows-x86 )
# Problematic frame:
# j  java.util.concurrent.locks.ReentrantLock.lock()V+0
#
# If you would like to submit a bug report, please visit:
#   http://java.sun.com/webapps/bugreport/crash.jsp
#

---------------  T H R E A D  ---------------

Current thread (0x007d9400):  JavaThread "main" [_thread_in_Java, id=2392, stack(0x00580000,0x005d0000)]

siginfo: ExceptionCode=0x80000004

Registers:
EAX=0x00000000, EBX=0x38cabe58, ECX=0x00000381, EDX=0x38cabb70
ESP=0x005cf9a0, EBP=0x005cf9c0, ESI=0x382723b8, EDI=0x005cf9c8
EIP=0x0226934d, EFLAGS=0x00000283

Register to memory mapping:

EAX=0x00000000
0x00000000 is pointing to unknown location

EBX=0x38cabe58

[error occurred during error reporting (printing registers, top of stack, instructions near pc), id 0x80000004]

Stack: [0x00580000,0x005d0000],  sp=0x005cf9a0,  free space=318k
Native frames: (J=compiled Java code, j=interpreted, Vv=VM code, C=native code)
j  java.util.concurrent.locks.ReentrantLock.lock()V+0
j  org.apache.http.pool.AbstractConnPool.shutdown()V+17
j  org.apache.http.impl.conn.PoolingHttpClientConnectionManager.shutdown()V+27
j  org.apache.http.impl.client.InternalHttpClient.close()V+4
j  z.getwh.fun.getWebData(Ljava/lang/String;Ljava/lang/String;)Ljava/lang/String;+66
J  z.getwh.main.jx_url()V
j  main.run_getwh.main([Ljava/lang/String;)V+9
v  ~StubRoutines::call_stub
V  [jvm.dll+0xf33c9]
V  [jvm.dll+0x188a91]
V  [jvm.dll+0xf344d]
V  [jvm.dll+0xfce3c]
V  [jvm.dll+0x104a8d]
C  [java.exe+0x2155]
C  [java.exe+0x85b4]
C  [KERNEL32.DLL+0x15624]
C  [ntdll.dll+0x5e100]
C  [ntdll.dll+0x5e0cb]


---------------  P R O C E S S  ---------------

Java Threads: ( => current thread )
  0x042d2000 JavaThread "Low Memory Detector" daemon [_thread_blocked, id=4340, stack(0x046c0000,0x04710000)]
  0x042ca800 JavaThread "CompilerThread0" daemon [_thread_blocked, id=2732, stack(0x04630000,0x04680000)]
  0x042c9800 JavaThread "Attach Listener" daemon [_thread_blocked, id=4756, stack(0x045a0000,0x045f0000)]
  0x042c7800 JavaThread "Signal Dispatcher" daemon [_thread_blocked, id=1788, stack(0x04510000,0x04560000)]
  0x04280c00 JavaThread "Finalizer" daemon [_thread_blocked, id=3192, stack(0x04480000,0x044d0000)]
  0x0427f800 JavaThread "Reference Handler" daemon [_thread_blocked, id=1512, stack(0x043f0000,0x04440000)]
=>0x007d9400 JavaThread "main" [_thread_in_Java, id=2392, stack(0x00580000,0x005d0000)]

Other Threads:
  0x0427e400 VMThread [stack: 0x04360000,0x043b0000] [id=7824]
  0x042e5400 WatcherThread [stack: 0x04750000,0x047a0000] [id=3972]

VM state:not at safepoint (normal execution)

VM Mutex/Monitor currently owned by a thread: None

Heap
 def new generation   total 4928K, used 2733K [0x24200000, 0x24750000, 0x29750000)
  eden space 4416K,  59% used [0x24200000, 0x2448ccb8, 0x24650000)
  from space 512K,  23% used [0x246d0000, 0x246ee768, 0x24750000)
  to   space 512K,   0% used [0x24650000, 0x24650000, 0x246d0000)
 tenured generation   total 10944K, used 1004K [0x29750000, 0x2a200000, 0x34200000)
   the space 10944K,   9% used [0x29750000, 0x2984b0b0, 0x2984b200, 0x2a200000)
 compacting perm gen  total 12288K, used 3324K [0x34200000, 0x34e00000, 0x38200000)
   the space 12288K,  27% used [0x34200000, 0x3453f070, 0x3453f200, 0x34e00000)
    ro space 10240K,  54% used [0x38200000, 0x3877c6b0, 0x3877c800, 0x38c00000)
    rw space 12288K,  55% used [0x38c00000, 0x392a01f0, 0x392a0200, 0x39800000)

Dynamic libraries:
0x00400000 - 0x00424000 	E:\Working\Java\jdk1.6.0_23\bin\java.exe
0x77900000 - 0x77a7b000 	C:\WINDOWS\SYSTEM32\ntdll.dll
0x762b0000 - 0x763a0000 	C:\WINDOWS\SYSTEM32\KERNEL32.DLL
0x771b0000 - 0x77324000 	C:\WINDOWS\SYSTEM32\KERNELBASE.dll
0x72100000 - 0x72199000 	C:\WINDOWS\system32\apphelp.dll
0x76e10000 - 0x76e8a000 	C:\WINDOWS\SYSTEM32\ADVAPI32.dll
0x76720000 - 0x767de000 	C:\WINDOWS\SYSTEM32\msvcrt.dll
0x76d60000 - 0x76da2000 	C:\WINDOWS\SYSTEM32\sechost.dll
0x767f0000 - 0x7689c000 	C:\WINDOWS\SYSTEM32\RPCRT4.dll
0x74c50000 - 0x74c6e000 	C:\WINDOWS\SYSTEM32\SspiCli.dll
0x74c40000 - 0x74c4a000 	C:\WINDOWS\SYSTEM32\CRYPTBASE.dll
0x74be0000 - 0x74c37000 	C:\WINDOWS\SYSTEM32\bcryptPrimitives.dll
0x7c340000 - 0x7c396000 	E:\Working\Java\jdk1.6.0_23\jre\bin\msvcr71.dll
0x6d8a0000 - 0x6db4c000 	E:\Working\Java\jdk1.6.0_23\jre\bin\client\jvm.dll
0x77340000 - 0x7749d000 	C:\WINDOWS\SYSTEM32\USER32.dll
0x74cc0000 - 0x74e0c000 	C:\WINDOWS\SYSTEM32\GDI32.dll
0x72d20000 - 0x72d44000 	C:\WINDOWS\SYSTEM32\WINMM.dll
0x00510000 - 0x00533000 	C:\WINDOWS\SYSTEM32\WINMMBASE.dll
0x76bc0000 - 0x76bf6000 	C:\WINDOWS\SYSTEM32\cfgmgr32.dll
0x72c70000 - 0x72c91000 	C:\WINDOWS\SYSTEM32\DEVOBJ.dll
0x74f50000 - 0x74f7a000 	C:\WINDOWS\SYSTEM32\IMM32.DLL
0x76c40000 - 0x76d5d000 	C:\WINDOWS\SYSTEM32\MSCTF.dll
0x76b20000 - 0x76bb3000 	C:\WINDOWS\SYSTEM32\OLEAUT32.dll
0x76530000 - 0x766cd000 	C:\WINDOWS\SYSTEM32\combase.dll
0x74a30000 - 0x74a5e000 	C:\WINDOWS\SYSTEM32\nvinit.dll
0x74bd0000 - 0x74bd8000 	C:\WINDOWS\SYSTEM32\VERSION.dll
0x0f000000 - 0x0f006000 	C:\Program Files (x86)\NVIDIA Corporation\CoProcManager\_etoured.dll
0x717a0000 - 0x717cb000 	C:\Program Files (x86)\NVIDIA Corporation\CoProcManager\nvd3d9wrap.dll
0x77000000 - 0x771a2000 	C:\WINDOWS\SYSTEM32\SETUPAPI.dll
0x716a0000 - 0x716bf000 	C:\Program Files (x86)\NVIDIA Corporation\CoProcManager\nvdxgiwrap.dll
0x6d850000 - 0x6d85c000 	E:\Working\Java\jdk1.6.0_23\jre\bin\verify.dll
0x6d3d0000 - 0x6d3ef000 	E:\Working\Java\jdk1.6.0_23\jre\bin\java.dll
0x6d330000 - 0x6d338000 	E:\Working\Java\jdk1.6.0_23\jre\bin\hpi.dll
0x77330000 - 0x77336000 	C:\WINDOWS\SYSTEM32\PSAPI.DLL
0x6d890000 - 0x6d89f000 	E:\Working\Java\jdk1.6.0_23\jre\bin\zip.dll
0x6d6b0000 - 0x6d6c3000 	E:\Working\Java\jdk1.6.0_23\jre\bin\net.dll
0x74c70000 - 0x74cc0000 	C:\WINDOWS\SYSTEM32\WS2_32.dll
0x763a0000 - 0x763a7000 	C:\WINDOWS\SYSTEM32\NSI.dll
0x73ce0000 - 0x73d29000 	C:\WINDOWS\system32\mswsock.dll
0x73640000 - 0x736c1000 	C:\WINDOWS\SYSTEM32\DNSAPI.dll
0x72490000 - 0x72498000 	C:\Windows\System32\rasadhlp.dll
0x748b0000 - 0x748e0000 	C:\WINDOWS\SYSTEM32\IPHLPAPI.DLL
0x74580000 - 0x74588000 	C:\WINDOWS\SYSTEM32\WINNSI.DLL
0x724a0000 - 0x724e5000 	C:\WINDOWS\System32\fwpuclnt.dll
0x74550000 - 0x7456a000 	C:\WINDOWS\SYSTEM32\bcrypt.dll
0x74250000 - 0x74262000 	C:\WINDOWS\SYSTEM32\CRYPTSP.dll
0x72980000 - 0x729ae000 	C:\WINDOWS\system32\rsaenh.dll
0x74a70000 - 0x74a8a000 	C:\WINDOWS\SYSTEM32\USERENV.dll
0x74a60000 - 0x74a6f000 	C:\WINDOWS\SYSTEM32\profapi.dll
0x73d50000 - 0x73d61000 	C:\WINDOWS\system32\napinsp.dll
0x73d30000 - 0x73d46000 	C:\WINDOWS\system32\pnrpnsp.dll
0x73600000 - 0x73614000 	C:\WINDOWS\system32\NLAapi.dll
0x735f0000 - 0x735fa000 	C:\WINDOWS\System32\winrnr.dll
0x73630000 - 0x73640000 	C:\WINDOWS\system32\wshbth.dll

VM Arguments:
java_command: main.run_getwh
Launcher Type: SUN_STANDARD

Environment Variables:
JAVA_HOME=E:\Working\Java\jdk1.6.0_23
CLASSPATH=.;E:\Working\Java\jdk1.6.0_23\lib;E:\Working\Java\jdk1.6.0_23\lib\tools.jar
PATH=C:\windows\system32;C:\windows;C:\windows\System32\Wbem;C:\windows\System32\WindowsPowerShell\v1.0\;;E:\Working\Java\jdk1.6.0_23\bin;E:\Working\Java\jdk1.6.0_23\jre\bin;E:\Working\Java\instantclient_11_2;ystemRoot\system32;=ystemRoot;ystemRoot\System32\Wbem;YSTEMROOT\System32\WindowsPowerShell\v1.0\
USERNAME=zhen
OS=Windows_NT
PROCESSOR_IDENTIFIER=Intel64 Family 6 Model 58 Stepping 9, GenuineIntel



---------------  S Y S T E M  ---------------

OS: Windows NT 6.2 Build 9200 

CPU:total 4 (2 cores per cpu, 2 threads per core) family 6 model 58 stepping 9, cmov, cx8, fxsr, mmx, sse, sse2, sse3, ssse3, sse4.1, sse4.2, popcnt, ht

Memory: 4k page, physical 8251900k(5764004k free), swap 9562620k(6697768k free)

vm_info: Java HotSpot(TM) Client VM (19.0-b09) for windows-x86 JRE (1.6.0_23-b05), built on Nov 12 2010 15:00:43 by "java_re" with MS VC++ 7.1 (VS2003)

time: Wed Apr 29 07:25:22 2015
elapsed time: 32388 seconds

